{"/Users/zwolfson/coding/CRM-Object-Sync/prisma/disconnect.ts": {"path":"/Users/zwolfson/coding/CRM-Object-Sync/prisma/disconnect.ts","statementMap":{"0":{"start":{"line":1,"column":0},"end":{"line":1,"column":40}},"1":{"start":{"line":4,"column":2},"end":{"line":11,"column":null}},"2":{"start":{"line":5,"column":4},"end":{"line":5,"column":54}},"3":{"start":{"line":6,"column":4},"end":{"line":6,"column":35}},"4":{"start":{"line":7,"column":4},"end":{"line":7,"column":64}},"5":{"start":{"line":9,"column":4},"end":{"line":9,"column":73}},"6":{"start":{"line":10,"column":4},"end":{"line":10,"column":16}},"7":{"start":{"line":14,"column":0},"end":{"line":14,"column":null}}},"fnMap":{"0":{"name":"disconnectPrisma","decl":{"start":{"line":3,"column":15},"end":{"line":3,"column":31}},"loc":{"start":{"line":3,"column":31},"end":{"line":12,"column":1}}}},"branchMap":{},"s":{"0":1,"1":0,"2":0,"3":0,"4":0,"5":0,"6":0,"7":1},"f":{"0":0},"b":{}}
,"/Users/zwolfson/coding/CRM-Object-Sync/prisma/seed.ts": {"path":"/Users/zwolfson/coding/CRM-Object-Sync/prisma/seed.ts","statementMap":{"0":{"start":{"line":1,"column":0},"end":{"line":1,"column":40}},"1":{"start":{"line":2,"column":0},"end":{"line":2,"column":46}},"2":{"start":{"line":5,"column":15},"end":{"line":5,"column":33}},"3":{"start":{"line":8,"column":47},"end":{"line":14,"column":null}},"4":{"start":{"line":9,"column":9},"end":{"line":14,"column":4}},"5":{"start":{"line":19,"column":2},"end":{"line":19,"column":59}},"6":{"start":{"line":20,"column":2},"end":{"line":23,"column":5}},"7":{"start":{"line":38,"column":9},"end":{"line":38,"column":13}},"8":{"start":{"line":27,"column":0},"end":{"line":36,"column":null}},"9":{"start":{"line":28,"column":2},"end":{"line":35,"column":7}},"10":{"start":{"line":30,"column":6},"end":{"line":30,"column":23}},"11":{"start":{"line":31,"column":6},"end":{"line":31,"column":22}},"12":{"start":{"line":34,"column":6},"end":{"line":34,"column":33}},"13":{"start":{"line":39,"column":0},"end":{"line":39,"column":22}}},"fnMap":{"0":{"name":"(anonymous_0)","decl":{"start":{"line":9,"column":2},"end":{"line":9,"column":5}},"loc":{"start":{"line":9,"column":9},"end":{"line":14,"column":4}}},"1":{"name":"main","decl":{"start":{"line":18,"column":15},"end":{"line":18,"column":19}},"loc":{"start":{"line":18,"column":19},"end":{"line":24,"column":1}}},"2":{"name":"(anonymous_2)","decl":{"start":{"line":29,"column":11},"end":{"line":29,"column":12}},"loc":{"start":{"line":29,"column":17},"end":{"line":32,"column":5}}},"3":{"name":"(anonymous_3)","decl":{"start":{"line":33,"column":13},"end":{"line":33,"column":18}},"loc":{"start":{"line":33,"column":24},"end":{"line":35,"column":5}}}},"branchMap":{"0":{"loc":{"start":{"line":27,"column":0},"end":{"line":36,"column":null}},"type":"if","locations":[{"start":{"line":27,"column":0},"end":{"line":36,"column":null}}]}},"s":{"0":1,"1":1,"2":1,"3":1,"4":1000,"5":0,"6":0,"7":1,"8":1,"9":0,"10":0,"11":0,"12":0,"13":1},"f":{"0":1000,"1":0,"2":0,"3":0},"b":{"0":[0]}}
,"/Users/zwolfson/coding/CRM-Object-Sync/src/app.ts": {"path":"/Users/zwolfson/coding/CRM-Object-Sync/src/app.ts","statementMap":{"0":{"start":{"line":1,"column":0},"end":{"line":1,"column":66}},"1":{"start":{"line":2,"column":0},"end":{"line":2,"column":61}},"2":{"start":{"line":3,"column":0},"end":{"line":3,"column":23}},"3":{"start":{"line":4,"column":0},"end":{"line":4,"column":52}},"4":{"start":{"line":5,"column":0},"end":{"line":5,"column":63}},"5":{"start":{"line":6,"column":0},"end":{"line":6,"column":63}},"6":{"start":{"line":7,"column":0},"end":{"line":7,"column":35}},"7":{"start":{"line":8,"column":0},"end":{"line":8,"column":40}},"8":{"start":{"line":9,"column":0},"end":{"line":9,"column":40}},"9":{"start":{"line":12,"column":25},"end":{"line":12,"column":34}},"10":{"start":{"line":123,"column":9},"end":{"line":123,"column":12}},"11":{"start":{"line":13,"column":0},"end":{"line":13,"column":24}},"12":{"start":{"line":14,"column":0},"end":{"line":14,"column":48}},"13":{"start":{"line":16,"column":0},"end":{"line":26,"column":3}},"14":{"start":{"line":17,"column":2},"end":{"line":25,"column":null}},"15":{"start":{"line":18,"column":21},"end":{"line":18,"column":55}},"16":{"start":{"line":19,"column":4},"end":{"line":19,"column":23}},"17":{"start":{"line":21,"column":4},"end":{"line":21,"column":50}},"18":{"start":{"line":22,"column":4},"end":{"line":24,"column":71}},"19":{"start":{"line":28,"column":0},"end":{"line":32,"column":3}},"20":{"start":{"line":29,"column":2},"end":{"line":31,"column":4}},"21":{"start":{"line":34,"column":0},"end":{"line":44,"column":3}},"22":{"start":{"line":35,"column":2},"end":{"line":43,"column":null}},"23":{"start":{"line":36,"column":24},"end":{"line":36,"column":53}},"24":{"start":{"line":37,"column":4},"end":{"line":37,"column":26}},"25":{"start":{"line":39,"column":4},"end":{"line":39,"column":49}},"26":{"start":{"line":40,"column":4},"end":{"line":42,"column":70}},"27":{"start":{"line":46,"column":0},"end":{"line":56,"column":3}},"28":{"start":{"line":47,"column":2},"end":{"line":55,"column":null}},"29":{"start":{"line":48,"column":24},"end":{"line":48,"column":61}},"30":{"start":{"line":49,"column":4},"end":{"line":49,"column":26}},"31":{"start":{"line":51,"column":4},"end":{"line":51,"column":54}},"32":{"start":{"line":52,"column":4},"end":{"line":54,"column":79}},"33":{"start":{"line":58,"column":0},"end":{"line":89,"column":3}},"34":{"start":{"line":59,"column":15},"end":{"line":59,"column":29}},"35":{"start":{"line":61,"column":2},"end":{"line":88,"column":null}},"36":{"start":{"line":62,"column":4},"end":{"line":77,"column":null}},"37":{"start":{"line":63,"column":23},"end":{"line":63,"column":56}},"38":{"start":{"line":64,"column":26},"end":{"line":64,"column":46}},"39":{"start":{"line":65,"column":6},"end":{"line":70,"column":9}},"40":{"start":{"line":71,"column":6},"end":{"line":71,"column":48}},"41":{"start":{"line":73,"column":6},"end":{"line":73,"column":62}},"42":{"start":{"line":74,"column":6},"end":{"line":76,"column":8}},"43":{"start":{"line":79,"column":4},"end":{"line":84,"column":7}},"44":{"start":{"line":85,"column":4},"end":{"line":87,"column":75}},"45":{"start":{"line":91,"column":0},"end":{"line":101,"column":3}},"46":{"start":{"line":92,"column":2},"end":{"line":100,"column":null}},"47":{"start":{"line":93,"column":24},"end":{"line":93,"column":51}},"48":{"start":{"line":94,"column":4},"end":{"line":94,"column":26}},"49":{"start":{"line":96,"column":4},"end":{"line":96,"column":61}},"50":{"start":{"line":97,"column":4},"end":{"line":99,"column":80}},"51":{"start":{"line":103,"column":28},"end":{"line":103,"column":32}},"52":{"start":{"line":123,"column":14},"end":{"line":123,"column":20}},"53":{"start":{"line":106,"column":2},"end":{"line":114,"column":null}},"54":{"start":{"line":107,"column":4},"end":{"line":113,"column":7}},"55":{"start":{"line":108,"column":6},"end":{"line":111,"column":null}},"56":{"start":{"line":109,"column":8},"end":{"line":109,"column":53}},"57":{"start":{"line":110,"column":8},"end":{"line":110,"column":15}},"58":{"start":{"line":112,"column":6},"end":{"line":112,"column":54}},"59":{"start":{"line":115,"column":2},"end":{"line":115,"column":16}},"60":{"start":{"line":123,"column":22},"end":{"line":123,"column":33}},"61":{"start":{"line":119,"column":0},"end":{"line":121,"column":null}},"62":{"start":{"line":120,"column":2},"end":{"line":120,"column":16}}},"fnMap":{"0":{"name":"(anonymous_1)","decl":{"start":{"line":16,"column":21},"end":{"line":16,"column":26}},"loc":{"start":{"line":16,"column":59},"end":{"line":26,"column":1}}},"1":{"name":"(anonymous_2)","decl":{"start":{"line":28,"column":24},"end":{"line":28,"column":25}},"loc":{"start":{"line":28,"column":56},"end":{"line":32,"column":1}}},"2":{"name":"(anonymous_3)","decl":{"start":{"line":34,"column":26},"end":{"line":34,"column":31}},"loc":{"start":{"line":34,"column":64},"end":{"line":44,"column":1}}},"3":{"name":"(anonymous_4)","decl":{"start":{"line":46,"column":13},"end":{"line":46,"column":18}},"loc":{"start":{"line":46,"column":51},"end":{"line":56,"column":1}}},"4":{"name":"(anonymous_5)","decl":{"start":{"line":58,"column":27},"end":{"line":58,"column":32}},"loc":{"start":{"line":58,"column":65},"end":{"line":89,"column":1}}},"5":{"name":"(anonymous_6)","decl":{"start":{"line":91,"column":34},"end":{"line":91,"column":39}},"loc":{"start":{"line":91,"column":72},"end":{"line":101,"column":1}}},"6":{"name":"startServer","decl":{"start":{"line":105,"column":9},"end":{"line":105,"column":20}},"loc":{"start":{"line":105,"column":20},"end":{"line":116,"column":1}}},"7":{"name":"(anonymous_8)","decl":{"start":{"line":107,"column":30},"end":{"line":107,"column":40}},"loc":{"start":{"line":107,"column":51},"end":{"line":113,"column":5}}}},"branchMap":{"0":{"loc":{"start":{"line":61,"column":2},"end":{"line":88,"column":null}},"type":"if","locations":[{"start":{"line":61,"column":2},"end":{"line":88,"column":null}},{"start":{"line":78,"column":9},"end":{"line":88,"column":null}}]},"1":{"loc":{"start":{"line":75,"column":24},"end":{"line":75,"column":86}},"type":"binary-expr","locations":[{"start":{"line":75,"column":24},"end":{"line":75,"column":37}},{"start":{"line":75,"column":41},"end":{"line":75,"column":86}}]},"2":{"loc":{"start":{"line":106,"column":2},"end":{"line":114,"column":null}},"type":"if","locations":[{"start":{"line":106,"column":2},"end":{"line":114,"column":null}}]},"3":{"loc":{"start":{"line":108,"column":6},"end":{"line":111,"column":null}},"type":"if","locations":[{"start":{"line":108,"column":6},"end":{"line":111,"column":null}}]},"4":{"loc":{"start":{"line":119,"column":0},"end":{"line":121,"column":null}},"type":"if","locations":[{"start":{"line":119,"column":0},"end":{"line":121,"column":null}}]}},"s":{"0":1,"1":1,"2":1,"3":1,"4":1,"5":1,"6":1,"7":1,"8":1,"9":1,"10":1,"11":1,"12":1,"13":1,"14":3,"15":3,"16":2,"17":1,"18":1,"19":1,"20":1,"21":1,"22":2,"23":2,"24":1,"25":1,"26":1,"27":1,"28":2,"29":2,"30":1,"31":1,"32":1,"33":1,"34":3,"35":3,"36":2,"37":2,"38":1,"39":1,"40":1,"41":1,"42":1,"43":1,"44":1,"45":1,"46":2,"47":2,"48":1,"49":1,"50":1,"51":1,"52":1,"53":0,"54":0,"55":0,"56":0,"57":0,"58":0,"59":0,"60":1,"61":1,"62":0},"f":{"0":3,"1":1,"2":2,"3":2,"4":3,"5":2,"6":0,"7":0},"b":{"0":[2,1],"1":[1,0],"2":[0],"3":[0],"4":[0]}}
,"/Users/zwolfson/coding/CRM-Object-Sync/src/initialSyncFromHubSpot.ts": {"path":"/Users/zwolfson/coding/CRM-Object-Sync/src/initialSyncFromHubSpot.ts","statementMap":{"0":{"start":{"line":1,"column":0},"end":{"line":1,"column":23}},"1":{"start":{"line":3,"column":0},"end":{"line":3,"column":50}},"2":{"start":{"line":6,"column":0},"end":{"line":6,"column":40}},"3":{"start":{"line":7,"column":0},"end":{"line":7,"column":46}},"4":{"start":{"line":8,"column":0},"end":{"line":8,"column":50}},"5":{"start":{"line":11,"column":42},"end":{"line":11,"column":47}},"6":{"start":{"line":17,"column":26},"end":{"line":17,"column":29}},"7":{"start":{"line":19,"column":34},"end":{"line":19,"column":68}},"8":{"start":{"line":22,"column":29},"end":{"line":22,"column":34}},"9":{"start":{"line":58,"column":22},"end":{"line":97,"column":1}},"10":{"start":{"line":61,"column":2},"end":{"line":90,"column":null}},"11":{"start":{"line":64,"column":4},"end":{"line":78,"column":7}},"12":{"start":{"line":79,"column":4},"end":{"line":79,"column":28}},"13":{"start":{"line":82,"column":4},"end":{"line":88,"column":7}},"14":{"start":{"line":89,"column":4},"end":{"line":89,"column":29}},"15":{"start":{"line":91,"column":41},"end":{"line":94,"column":4}},"16":{"start":{"line":96,"column":2},"end":{"line":96,"column":16}},"17":{"start":{"line":101,"column":30},"end":{"line":161,"column":1}},"18":{"start":{"line":105,"column":2},"end":{"line":154,"column":null}},"19":{"start":{"line":106,"column":4},"end":{"line":113,"column":7}},"20":{"start":{"line":114,"column":4},"end":{"line":114,"column":29}},"21":{"start":{"line":116,"column":4},"end":{"line":116,"column":23}},"22":{"start":{"line":117,"column":4},"end":{"line":153,"column":null}},"23":{"start":{"line":118,"column":6},"end":{"line":142,"column":null}},"24":{"start":{"line":119,"column":37},"end":{"line":119,"column":69}},"25":{"start":{"line":122,"column":8},"end":{"line":130,"column":11}},"26":{"start":{"line":131,"column":8},"end":{"line":131,"column":38}},"27":{"start":{"line":134,"column":8},"end":{"line":140,"column":10}},"28":{"start":{"line":141,"column":8},"end":{"line":141,"column":34}},"29":{"start":{"line":145,"column":6},"end":{"line":151,"column":8}},"30":{"start":{"line":152,"column":6},"end":{"line":152,"column":30}},"31":{"start":{"line":156,"column":41},"end":{"line":159,"column":4}},"32":{"start":{"line":160,"column":2},"end":{"line":160,"column":16}},"33":{"start":{"line":164,"column":28},"end":{"line":242,"column":1}},"34":{"start":{"line":165,"column":2},"end":{"line":165,"column":30}},"35":{"start":{"line":166,"column":21},"end":{"line":166,"column":36}},"36":{"start":{"line":167,"column":22},"end":{"line":167,"column":54}},"37":{"start":{"line":170,"column":37},"end":{"line":191,"column":4}},"38":{"start":{"line":195,"column":4},"end":{"line":201,"column":null}},"39":{"start":{"line":204,"column":2},"end":{"line":204,"column":62}},"40":{"start":{"line":206,"column":2},"end":{"line":236,"column":null}},"41":{"start":{"line":208,"column":4},"end":{"line":212,"column":null}},"42":{"start":{"line":209,"column":6},"end":{"line":209,"column":73}},"43":{"start":{"line":211,"column":6},"end":{"line":211,"column":65}},"44":{"start":{"line":214,"column":4},"end":{"line":235,"column":null}},"45":{"start":{"line":216,"column":8},"end":{"line":216,"column":40}},"46":{"start":{"line":217,"column":8},"end":{"line":217,"column":71}},"47":{"start":{"line":218,"column":8},"end":{"line":218,"column":14}},"48":{"start":{"line":220,"column":8},"end":{"line":220,"column":41}},"49":{"start":{"line":221,"column":8},"end":{"line":221,"column":72}},"50":{"start":{"line":222,"column":8},"end":{"line":222,"column":14}},"51":{"start":{"line":224,"column":8},"end":{"line":224,"column":46}},"52":{"start":{"line":225,"column":8},"end":{"line":225,"column":77}},"53":{"start":{"line":226,"column":8},"end":{"line":226,"column":14}},"54":{"start":{"line":228,"column":8},"end":{"line":228,"column":40}},"55":{"start":{"line":229,"column":8},"end":{"line":229,"column":71}},"56":{"start":{"line":230,"column":8},"end":{"line":230,"column":14}},"57":{"start":{"line":232,"column":8},"end":{"line":232,"column":40}},"58":{"start":{"line":233,"column":8},"end":{"line":233,"column":71}},"59":{"start":{"line":234,"column":8},"end":{"line":234,"column":14}},"60":{"start":{"line":238,"column":2},"end":{"line":241,"column":4}},"61":{"start":{"line":244,"column":9},"end":{"line":244,"column":28}}},"fnMap":{"0":{"name":"(anonymous_0)","decl":{"start":{"line":58,"column":22},"end":{"line":58,"column":27}},"loc":{"start":{"line":58,"column":64},"end":{"line":97,"column":1}}},"1":{"name":"(anonymous_1)","decl":{"start":{"line":101,"column":30},"end":{"line":101,"column":35}},"loc":{"start":{"line":101,"column":72},"end":{"line":161,"column":1}}},"2":{"name":"(anonymous_2)","decl":{"start":{"line":164,"column":28},"end":{"line":164,"column":33}},"loc":{"start":{"line":164,"column":39},"end":{"line":242,"column":1}}}},"branchMap":{"0":{"loc":{"start":{"line":61,"column":2},"end":{"line":90,"column":null}},"type":"if","locations":[{"start":{"line":61,"column":2},"end":{"line":90,"column":null}},{"start":{"line":80,"column":9},"end":{"line":90,"column":null}}]},"1":{"loc":{"start":{"line":117,"column":4},"end":{"line":153,"column":null}},"type":"if","locations":[{"start":{"line":117,"column":4},"end":{"line":153,"column":null}},{"start":{"line":143,"column":11},"end":{"line":153,"column":null}}]},"2":{"loc":{"start":{"line":118,"column":6},"end":{"line":142,"column":null}},"type":"if","locations":[{"start":{"line":118,"column":6},"end":{"line":142,"column":null}},{"start":{"line":132,"column":13},"end":{"line":142,"column":null}}]},"3":{"loc":{"start":{"line":208,"column":4},"end":{"line":212,"column":null}},"type":"if","locations":[{"start":{"line":208,"column":4},"end":{"line":212,"column":null}},{"start":{"line":210,"column":11},"end":{"line":212,"column":null}}]},"4":{"loc":{"start":{"line":214,"column":4},"end":{"line":235,"column":null}},"type":"switch","locations":[{"start":{"line":215,"column":6},"end":{"line":218,"column":14}},{"start":{"line":219,"column":6},"end":{"line":222,"column":14}},{"start":{"line":223,"column":6},"end":{"line":226,"column":14}},{"start":{"line":227,"column":6},"end":{"line":230,"column":14}},{"start":{"line":231,"column":6},"end":{"line":234,"column":14}}]}},"s":{"0":1,"1":1,"2":1,"3":1,"4":1,"5":1,"6":1,"7":1,"8":1,"9":1,"10":0,"11":0,"12":0,"13":0,"14":0,"15":0,"16":0,"17":1,"18":0,"19":0,"20":0,"21":0,"22":0,"23":0,"24":0,"25":0,"26":0,"27":0,"28":0,"29":0,"30":0,"31":0,"32":0,"33":1,"34":0,"35":0,"36":0,"37":0,"38":0,"39":0,"40":0,"41":0,"42":0,"43":0,"44":0,"45":0,"46":0,"47":0,"48":0,"49":0,"50":0,"51":0,"52":0,"53":0,"54":0,"55":0,"56":0,"57":0,"58":0,"59":0,"60":0,"61":1},"f":{"0":0,"1":0,"2":0},"b":{"0":[0,0],"1":[0,0],"2":[0,0],"3":[0,0],"4":[0,0,0,0,0]}}
,"/Users/zwolfson/coding/CRM-Object-Sync/src/initialSyncToHubSpot.ts": {"path":"/Users/zwolfson/coding/CRM-Object-Sync/src/initialSyncToHubSpot.ts","statementMap":{"0":{"start":{"line":1,"column":0},"end":{"line":1,"column":23}},"1":{"start":{"line":3,"column":0},"end":{"line":3,"column":56}},"2":{"start":{"line":5,"column":0},"end":{"line":5,"column":59}},"3":{"start":{"line":6,"column":0},"end":{"line":6,"column":46}},"4":{"start":{"line":7,"column":0},"end":{"line":7,"column":null}},"5":{"start":{"line":16,"column":0},"end":{"line":16,"column":50}},"6":{"start":{"line":22,"column":19},"end":{"line":22,"column":34}},"7":{"start":{"line":24,"column":23},"end":{"line":24,"column":26}},"8":{"start":{"line":26,"column":33},"end":{"line":28,"column":1}},"9":{"start":{"line":27,"column":2},"end":{"line":27,"column":48}},"10":{"start":{"line":35,"column":33},"end":{"line":35,"column":35}},"11":{"start":{"line":37,"column":23},"end":{"line":37,"column":24}},"12":{"start":{"line":38,"column":50},"end":{"line":38,"column":52}},"13":{"start":{"line":39,"column":48},"end":{"line":39,"column":57}},"14":{"start":{"line":40,"column":57},"end":{"line":44,"column":4}},"15":{"start":{"line":47,"column":50},"end":{"line":52,"column":4}},"16":{"start":{"line":55,"column":50},"end":{"line":60,"column":4}},"17":{"start":{"line":61,"column":34},"end":{"line":61,"column":38}},"18":{"start":{"line":62,"column":40},"end":{"line":62,"column":44}},"19":{"start":{"line":63,"column":32},"end":{"line":63,"column":36}},"20":{"start":{"line":67,"column":4},"end":{"line":67,"column":39}},"21":{"start":{"line":68,"column":4},"end":{"line":68,"column":45}},"22":{"start":{"line":70,"column":4},"end":{"line":70,"column":51}},"23":{"start":{"line":72,"column":4},"end":{"line":76,"column":null}},"24":{"start":{"line":73,"column":6},"end":{"line":75,"column":8}},"25":{"start":{"line":78,"column":4},"end":{"line":78,"column":40}},"26":{"start":{"line":79,"column":4},"end":{"line":79,"column":34}},"27":{"start":{"line":82,"column":4},"end":{"line":82,"column":58}},"28":{"start":{"line":87,"column":4},"end":{"line":93,"column":null}},"29":{"start":{"line":87,"column":17},"end":{"line":87,"column":18}},"30":{"start":{"line":88,"column":22},"end":{"line":88,"column":46}},"31":{"start":{"line":89,"column":6},"end":{"line":92,"column":null}},"32":{"start":{"line":90,"column":8},"end":{"line":90,"column":67}},"33":{"start":{"line":99,"column":49},"end":{"line":100,"column":null}},"34":{"start":{"line":100,"column":48},"end":{"line":100,"column":63}},"35":{"start":{"line":102,"column":22},"end":{"line":104,"column":6}},"36":{"start":{"line":103,"column":6},"end":{"line":103,"column":35}},"37":{"start":{"line":105,"column":4},"end":{"line":110,"column":6}},"38":{"start":{"line":114,"column":24},"end":{"line":114,"column":56}},"39":{"start":{"line":115,"column":4},"end":{"line":115,"column":51}},"40":{"start":{"line":117,"column":4},"end":{"line":126,"column":null}},"41":{"start":{"line":118,"column":23},"end":{"line":119,"column":null}},"42":{"start":{"line":121,"column":6},"end":{"line":121,"column":39}},"43":{"start":{"line":123,"column":6},"end":{"line":125,"column":null}},"44":{"start":{"line":124,"column":8},"end":{"line":124,"column":37}},"45":{"start":{"line":130,"column":34},"end":{"line":135,"column":null}},"46":{"start":{"line":132,"column":8},"end":{"line":134,"column":15}},"47":{"start":{"line":138,"column":4},"end":{"line":140,"column":null}},"48":{"start":{"line":139,"column":6},"end":{"line":139,"column":48}},"49":{"start":{"line":144,"column":72},"end":{"line":144,"column":74}},"50":{"start":{"line":145,"column":4},"end":{"line":178,"column":7}},"51":{"start":{"line":146,"column":29},"end":{"line":147,"column":null}},"52":{"start":{"line":147,"column":29},"end":{"line":147,"column":66}},"53":{"start":{"line":150,"column":31},"end":{"line":150,"column":65}},"54":{"start":{"line":152,"column":6},"end":{"line":154,"column":null}},"55":{"start":{"line":153,"column":8},"end":{"line":153,"column":21}},"56":{"start":{"line":155,"column":38},"end":{"line":167,"column":7}},"57":{"start":{"line":160,"column":10},"end":{"line":160,"column":12}},"58":{"start":{"line":161,"column":8},"end":{"line":165,"column":null}},"59":{"start":{"line":162,"column":10},"end":{"line":164,"column":19}},"60":{"start":{"line":166,"column":8},"end":{"line":166,"column":33}},"61":{"start":{"line":168,"column":38},"end":{"line":170,"column":null}},"62":{"start":{"line":172,"column":31},"end":{"line":175,"column":8}},"63":{"start":{"line":177,"column":6},"end":{"line":177,"column":53}},"64":{"start":{"line":180,"column":4},"end":{"line":204,"column":null}},"65":{"start":{"line":181,"column":23},"end":{"line":183,"column":8}},"66":{"start":{"line":184,"column":6},"end":{"line":193,"column":null}},"67":{"start":{"line":188,"column":8},"end":{"line":192,"column":null}},"68":{"start":{"line":189,"column":10},"end":{"line":189,"column":51}},"69":{"start":{"line":191,"column":10},"end":{"line":191,"column":45}},"70":{"start":{"line":194,"column":6},"end":{"line":194,"column":41}},"71":{"start":{"line":195,"column":6},"end":{"line":195,"column":22}},"72":{"start":{"line":197,"column":6},"end":{"line":203,"column":null}},"73":{"start":{"line":198,"column":8},"end":{"line":202,"column":null}},"74":{"start":{"line":199,"column":10},"end":{"line":199,"column":39}},"75":{"start":{"line":201,"column":10},"end":{"line":201,"column":37}},"76":{"start":{"line":208,"column":26},"end":{"line":210,"column":37}},"77":{"start":{"line":211,"column":4},"end":{"line":227,"column":null}},"78":{"start":{"line":212,"column":6},"end":{"line":226,"column":null}},"79":{"start":{"line":213,"column":8},"end":{"line":215,"column":null}},"80":{"start":{"line":214,"column":10},"end":{"line":214,"column":68}},"81":{"start":{"line":216,"column":8},"end":{"line":223,"column":11}},"82":{"start":{"line":225,"column":8},"end":{"line":225,"column":80}},"83":{"start":{"line":231,"column":4},"end":{"line":231,"column":28}},"84":{"start":{"line":234,"column":4},"end":{"line":234,"column":28}},"85":{"start":{"line":237,"column":4},"end":{"line":237,"column":35}},"86":{"start":{"line":241,"column":30},"end":{"line":297,"column":1}},"87":{"start":{"line":242,"column":17},"end":{"line":242,"column":35}},"88":{"start":{"line":243,"column":24},"end":{"line":245,"column":4}},"89":{"start":{"line":246,"column":18},"end":{"line":248,"column":4}},"90":{"start":{"line":250,"column":14},"end":{"line":250,"column":15}},"91":{"start":{"line":251,"column":28},"end":{"line":251,"column":30}},"92":{"start":{"line":252,"column":27},"end":{"line":252,"column":29}},"93":{"start":{"line":253,"column":20},"end":{"line":253,"column":30}},"94":{"start":{"line":255,"column":2},"end":{"line":257,"column":4}},"95":{"start":{"line":258,"column":2},"end":{"line":286,"column":null}},"96":{"start":{"line":259,"column":16},"end":{"line":259,"column":62}},"97":{"start":{"line":261,"column":23},"end":{"line":261,"column":64}},"98":{"start":{"line":263,"column":4},"end":{"line":263,"column":33}},"99":{"start":{"line":265,"column":4},"end":{"line":265,"column":46}},"100":{"start":{"line":267,"column":4},"end":{"line":284,"column":null}},"101":{"start":{"line":269,"column":6},"end":{"line":269,"column":65}},"102":{"start":{"line":271,"column":6},"end":{"line":271,"column":53}},"103":{"start":{"line":273,"column":21},"end":{"line":273,"column":42}},"104":{"start":{"line":275,"column":22},"end":{"line":275,"column":44}},"105":{"start":{"line":276,"column":6},"end":{"line":278,"column":null}},"106":{"start":{"line":277,"column":8},"end":{"line":277,"column":33}},"107":{"start":{"line":280,"column":6},"end":{"line":280,"column":33}},"108":{"start":{"line":281,"column":6},"end":{"line":283,"column":8}},"109":{"start":{"line":285,"column":4},"end":{"line":285,"column":49}},"110":{"start":{"line":287,"column":2},"end":{"line":290,"column":5}},"111":{"start":{"line":292,"column":2},"end":{"line":294,"column":4}},"112":{"start":{"line":296,"column":2},"end":{"line":296,"column":69}},"113":{"start":{"line":299,"column":9},"end":{"line":299,"column":30}}},"fnMap":{"0":{"name":"(anonymous_0)","decl":{"start":{"line":26,"column":33},"end":{"line":26,"column":34}},"loc":{"start":{"line":26,"column":73},"end":{"line":28,"column":1}}},"1":{"name":"(anonymous_1)","decl":{"start":{"line":66,"column":2},"end":{"line":66,"column":14}},"loc":{"start":{"line":66,"column":65},"end":{"line":80,"column":3}}},"2":{"name":"(anonymous_2)","decl":{"start":{"line":81,"column":2},"end":{"line":81,"column":24}},"loc":{"start":{"line":81,"column":24},"end":{"line":83,"column":3}}},"3":{"name":"(anonymous_3)","decl":{"start":{"line":85,"column":2},"end":{"line":85,"column":30}},"loc":{"start":{"line":85,"column":30},"end":{"line":94,"column":3}}},"4":{"name":"(anonymous_4)","decl":{"start":{"line":96,"column":2},"end":{"line":96,"column":24}},"loc":{"start":{"line":96,"column":24},"end":{"line":111,"column":3}}},"5":{"name":"(anonymous_5)","decl":{"start":{"line":100,"column":6},"end":{"line":100,"column":7}},"loc":{"start":{"line":100,"column":48},"end":{"line":100,"column":63}}},"6":{"name":"(anonymous_6)","decl":{"start":{"line":102,"column":43},"end":{"line":102,"column":44}},"loc":{"start":{"line":102,"column":55},"end":{"line":104,"column":5}}},"7":{"name":"(anonymous_7)","decl":{"start":{"line":113,"column":2},"end":{"line":113,"column":7}},"loc":{"start":{"line":113,"column":17},"end":{"line":127,"column":3}}},"8":{"name":"(anonymous_8)","decl":{"start":{"line":129,"column":2},"end":{"line":129,"column":30}},"loc":{"start":{"line":129,"column":30},"end":{"line":141,"column":3}}},"9":{"name":"(anonymous_9)","decl":{"start":{"line":131,"column":6},"end":{"line":131,"column":7}},"loc":{"start":{"line":131,"column":23},"end":{"line":135,"column":7}}},"10":{"name":"(anonymous_10)","decl":{"start":{"line":143,"column":2},"end":{"line":143,"column":7}},"loc":{"start":{"line":143,"column":35},"end":{"line":205,"column":3}}},"11":{"name":"(anonymous_11)","decl":{"start":{"line":145,"column":40},"end":{"line":145,"column":41}},"loc":{"start":{"line":145,"column":67},"end":{"line":178,"column":5}}},"12":{"name":"(anonymous_12)","decl":{"start":{"line":147,"column":8},"end":{"line":147,"column":9}},"loc":{"start":{"line":147,"column":29},"end":{"line":147,"column":66}}},"13":{"name":"(anonymous_13)","decl":{"start":{"line":155,"column":38},"end":{"line":155,"column":null}},"loc":{"start":{"line":158,"column":58},"end":{"line":167,"column":7}}},"14":{"name":"(anonymous_14)","decl":{"start":{"line":207,"column":2},"end":{"line":207,"column":7}},"loc":{"start":{"line":207,"column":33},"end":{"line":228,"column":3}}},"15":{"name":"(anonymous_15)","decl":{"start":{"line":230,"column":2},"end":{"line":230,"column":13}},"loc":{"start":{"line":230,"column":23},"end":{"line":232,"column":3}}},"16":{"name":"(anonymous_16)","decl":{"start":{"line":233,"column":2},"end":{"line":233,"column":13}},"loc":{"start":{"line":233,"column":23},"end":{"line":235,"column":3}}},"17":{"name":"(anonymous_17)","decl":{"start":{"line":236,"column":2},"end":{"line":236,"column":13}},"loc":{"start":{"line":236,"column":24},"end":{"line":238,"column":3}}},"18":{"name":"(anonymous_18)","decl":{"start":{"line":241,"column":30},"end":{"line":241,"column":35}},"loc":{"start":{"line":241,"column":41},"end":{"line":297,"column":1}}}},"branchMap":{"0":{"loc":{"start":{"line":72,"column":4},"end":{"line":76,"column":null}},"type":"if","locations":[{"start":{"line":72,"column":4},"end":{"line":76,"column":null}}]},"1":{"loc":{"start":{"line":89,"column":6},"end":{"line":92,"column":null}},"type":"if","locations":[{"start":{"line":89,"column":6},"end":{"line":92,"column":null}}]},"2":{"loc":{"start":{"line":123,"column":6},"end":{"line":125,"column":null}},"type":"if","locations":[{"start":{"line":123,"column":6},"end":{"line":125,"column":null}}]},"3":{"loc":{"start":{"line":132,"column":15},"end":{"line":134,"column":14}},"type":"cond-expr","locations":[{"start":{"line":133,"column":12},"end":{"line":133,"column":41}},{"start":{"line":134,"column":12},"end":{"line":134,"column":14}}]},"4":{"loc":{"start":{"line":152,"column":6},"end":{"line":154,"column":null}},"type":"if","locations":[{"start":{"line":152,"column":6},"end":{"line":154,"column":null}}]},"5":{"loc":{"start":{"line":162,"column":10},"end":{"line":164,"column":18}},"type":"cond-expr","locations":[{"start":{"line":163,"column":15},"end":{"line":163,"column":62}},{"start":{"line":164,"column":14},"end":{"line":164,"column":18}}]},"6":{"loc":{"start":{"line":184,"column":6},"end":{"line":193,"column":null}},"type":"if","locations":[{"start":{"line":184,"column":6},"end":{"line":193,"column":null}}]},"7":{"loc":{"start":{"line":185,"column":8},"end":{"line":186,"column":23}},"type":"binary-expr","locations":[{"start":{"line":185,"column":8},"end":{"line":185,"column":69}},{"start":{"line":186,"column":8},"end":{"line":186,"column":23}}]},"8":{"loc":{"start":{"line":188,"column":8},"end":{"line":192,"column":null}},"type":"if","locations":[{"start":{"line":188,"column":8},"end":{"line":192,"column":null}},{"start":{"line":190,"column":15},"end":{"line":192,"column":null}}]},"9":{"loc":{"start":{"line":197,"column":6},"end":{"line":203,"column":null}},"type":"if","locations":[{"start":{"line":197,"column":6},"end":{"line":203,"column":null}}]},"10":{"loc":{"start":{"line":198,"column":8},"end":{"line":202,"column":null}},"type":"if","locations":[{"start":{"line":198,"column":8},"end":{"line":202,"column":null}},{"start":{"line":200,"column":15},"end":{"line":202,"column":null}}]},"11":{"loc":{"start":{"line":208,"column":26},"end":{"line":210,"column":37}},"type":"cond-expr","locations":[{"start":{"line":209,"column":8},"end":{"line":209,"column":39}},{"start":{"line":210,"column":8},"end":{"line":210,"column":37}}]},"12":{"loc":{"start":{"line":213,"column":8},"end":{"line":215,"column":null}},"type":"if","locations":[{"start":{"line":213,"column":8},"end":{"line":215,"column":null}}]},"13":{"loc":{"start":{"line":267,"column":4},"end":{"line":284,"column":null}},"type":"if","locations":[{"start":{"line":267,"column":4},"end":{"line":284,"column":null}},{"start":{"line":270,"column":11},"end":{"line":284,"column":null}}]},"14":{"loc":{"start":{"line":276,"column":6},"end":{"line":278,"column":null}},"type":"if","locations":[{"start":{"line":276,"column":6},"end":{"line":278,"column":null}}]}},"s":{"0":1,"1":1,"2":1,"3":1,"4":1,"5":1,"6":1,"7":1,"8":1,"9":0,"10":0,"11":0,"12":0,"13":0,"14":0,"15":0,"16":0,"17":0,"18":0,"19":0,"20":0,"21":0,"22":0,"23":0,"24":0,"25":0,"26":0,"27":0,"28":0,"29":0,"30":0,"31":0,"32":0,"33":0,"34":0,"35":0,"36":0,"37":0,"38":0,"39":0,"40":0,"41":0,"42":0,"43":0,"44":0,"45":0,"46":0,"47":0,"48":0,"49":0,"50":0,"51":0,"52":0,"53":0,"54":0,"55":0,"56":0,"57":0,"58":0,"59":0,"60":0,"61":0,"62":0,"63":0,"64":0,"65":0,"66":0,"67":0,"68":0,"69":0,"70":0,"71":0,"72":0,"73":0,"74":0,"75":0,"76":0,"77":0,"78":0,"79":0,"80":0,"81":0,"82":0,"83":0,"84":0,"85":0,"86":1,"87":0,"88":0,"89":0,"90":0,"91":0,"92":0,"93":0,"94":0,"95":0,"96":0,"97":0,"98":0,"99":0,"100":0,"101":0,"102":0,"103":0,"104":0,"105":0,"106":0,"107":0,"108":0,"109":0,"110":0,"111":0,"112":0,"113":1},"f":{"0":0,"1":0,"2":0,"3":0,"4":0,"5":0,"6":0,"7":0,"8":0,"9":0,"10":0,"11":0,"12":0,"13":0,"14":0,"15":0,"16":0,"17":0,"18":0},"b":{"0":[0],"1":[0],"2":[0],"3":[0,0],"4":[0],"5":[0,0],"6":[0],"7":[0,0],"8":[0,0],"9":[0],"10":[0,0],"11":[0,0],"12":[0],"13":[0,0],"14":[0]}}
,"/Users/zwolfson/coding/CRM-Object-Sync/src/utils/error.ts": {"path":"/Users/zwolfson/coding/CRM-Object-Sync/src/utils/error.ts","statementMap":{"0":{"start":{"line":1,"column":0},"end":{"line":1,"column":34}},"1":{"start":{"line":2,"column":0},"end":{"line":2,"column":34}},"2":{"start":{"line":8,"column":4},"end":{"line":10,"column":49}},"3":{"start":{"line":14,"column":4},"end":{"line":17,"column":50}},"4":{"start":{"line":19,"column":2},"end":{"line":26,"column":4}},"5":{"start":{"line":30,"column":2},"end":{"line":33,"column":4}},"6":{"start":{"line":37,"column":27},"end":{"line":37,"column":50}},"7":{"start":{"line":38,"column":2},"end":{"line":48,"column":null}},"8":{"start":{"line":39,"column":4},"end":{"line":47,"column":null}},"9":{"start":{"line":40,"column":6},"end":{"line":40,"column":28}},"10":{"start":{"line":41,"column":11},"end":{"line":47,"column":null}},"11":{"start":{"line":42,"column":6},"end":{"line":42,"column":33}},"12":{"start":{"line":43,"column":11},"end":{"line":47,"column":null}},"13":{"start":{"line":44,"column":6},"end":{"line":44,"column":29}},"14":{"start":{"line":46,"column":6},"end":{"line":46,"column":49}},"15":{"start":{"line":49,"column":2},"end":{"line":49,"column":15}},"16":{"start":{"line":57,"column":25},"end":{"line":57,"column":52}},"17":{"start":{"line":58,"column":2},"end":{"line":58,"column":31}},"18":{"start":{"line":60,"column":2},"end":{"line":60,"column":27}},"19":{"start":{"line":60,"column":16},"end":{"line":60,"column":27}},"20":{"start":{"line":63,"column":0},"end":{"line":63,"column":27}}},"fnMap":{"0":{"name":"isHubSpotApiError","decl":{"start":{"line":5,"column":9},"end":{"line":5,"column":26}},"loc":{"start":{"line":5,"column":37},"end":{"line":27,"column":1}}},"1":{"name":"isGeneralPrismaError","decl":{"start":{"line":29,"column":9},"end":{"line":29,"column":29}},"loc":{"start":{"line":29,"column":40},"end":{"line":34,"column":1}}},"2":{"name":"formatError","decl":{"start":{"line":36,"column":9},"end":{"line":36,"column":20}},"loc":{"start":{"line":36,"column":58},"end":{"line":50,"column":1}}},"3":{"name":"handleError","decl":{"start":{"line":52,"column":9},"end":{"line":52,"column":20}},"loc":{"start":{"line":55,"column":27},"end":{"line":61,"column":1}}}},"branchMap":{"0":{"loc":{"start":{"line":8,"column":4},"end":{"line":10,"column":49}},"type":"binary-expr","locations":[{"start":{"line":8,"column":4},"end":{"line":8,"column":17}},{"start":{"line":9,"column":5},"end":{"line":9,"column":48}},{"start":{"line":10,"column":6},"end":{"line":10,"column":48}}]},"1":{"loc":{"start":{"line":14,"column":4},"end":{"line":17,"column":50}},"type":"binary-expr","locations":[{"start":{"line":14,"column":4},"end":{"line":14,"column":14}},{"start":{"line":15,"column":4},"end":{"line":15,"column":33}},{"start":{"line":16,"column":4},"end":{"line":16,"column":48}},{"start":{"line":17,"column":4},"end":{"line":17,"column":50}}]},"2":{"loc":{"start":{"line":20,"column":4},"end":{"line":24,"column":null}},"type":"binary-expr","locations":[{"start":{"line":20,"column":4},"end":{"line":20,"column":21}},{"start":{"line":21,"column":4},"end":{"line":21,"column":20}},{"start":{"line":22,"column":4},"end":{"line":24,"column":null}}]},"3":{"loc":{"start":{"line":23,"column":6},"end":{"line":24,"column":75}},"type":"binary-expr","locations":[{"start":{"line":23,"column":6},"end":{"line":23,"column":40}},{"start":{"line":24,"column":8},"end":{"line":24,"column":75}}]},"4":{"loc":{"start":{"line":31,"column":4},"end":{"line":32,"column":38}},"type":"binary-expr","locations":[{"start":{"line":31,"column":4},"end":{"line":31,"column":44}},{"start":{"line":32,"column":4},"end":{"line":32,"column":38}}]},"5":{"loc":{"start":{"line":36,"column":38},"end":{"line":36,"column":58}},"type":"default-arg","locations":[{"start":{"line":36,"column":56},"end":{"line":36,"column":58}}]},"6":{"loc":{"start":{"line":38,"column":2},"end":{"line":48,"column":null}},"type":"if","locations":[{"start":{"line":38,"column":2},"end":{"line":48,"column":null}}]},"7":{"loc":{"start":{"line":39,"column":4},"end":{"line":47,"column":null}},"type":"if","locations":[{"start":{"line":39,"column":4},"end":{"line":47,"column":null}},{"start":{"line":41,"column":11},"end":{"line":47,"column":null}}]},"8":{"loc":{"start":{"line":41,"column":11},"end":{"line":47,"column":null}},"type":"if","locations":[{"start":{"line":41,"column":11},"end":{"line":47,"column":null}},{"start":{"line":43,"column":11},"end":{"line":47,"column":null}}]},"9":{"loc":{"start":{"line":43,"column":11},"end":{"line":47,"column":null}},"type":"if","locations":[{"start":{"line":43,"column":11},"end":{"line":47,"column":null}},{"start":{"line":45,"column":11},"end":{"line":47,"column":null}}]},"10":{"loc":{"start":{"line":54,"column":2},"end":{"line":54,"column":22}},"type":"default-arg","locations":[{"start":{"line":54,"column":20},"end":{"line":54,"column":22}}]},"11":{"loc":{"start":{"line":55,"column":2},"end":{"line":55,"column":27}},"type":"default-arg","locations":[{"start":{"line":55,"column":22},"end":{"line":55,"column":27}}]},"12":{"loc":{"start":{"line":60,"column":2},"end":{"line":60,"column":27}},"type":"if","locations":[{"start":{"line":60,"column":2},"end":{"line":60,"column":27}}]}},"s":{"0":1,"1":1,"2":5,"3":5,"4":5,"5":5,"6":5,"7":5,"8":5,"9":0,"10":5,"11":0,"12":5,"13":5,"14":0,"15":5,"16":5,"17":5,"18":5,"19":0,"20":1},"f":{"0":5,"1":5,"2":5,"3":5},"b":{"0":[5,0,0],"1":[5,0,0,0],"2":[5,5,5],"3":[5,5],"4":[5,5],"5":[0],"6":[5],"7":[0,5],"8":[0,5],"9":[5,0],"10":[0],"11":[5],"12":[0]}}
,"/Users/zwolfson/coding/CRM-Object-Sync/src/utils/logger.ts": {"path":"/Users/zwolfson/coding/CRM-Object-Sync/src/utils/logger.ts","statementMap":{"0":{"start":{"line":5,"column":22},"end":{"line":5,"column":46}},"1":{"start":{"line":6,"column":22},"end":{"line":6,"column":63}},"2":{"start":{"line":8,"column":4},"end":{"line":19,"column":null}},"3":{"start":{"line":10,"column":8},"end":{"line":10,"column":33}},"4":{"start":{"line":11,"column":8},"end":{"line":11,"column":14}},"5":{"start":{"line":13,"column":8},"end":{"line":13,"column":32}},"6":{"start":{"line":14,"column":8},"end":{"line":14,"column":14}},"7":{"start":{"line":17,"column":8},"end":{"line":17,"column":32}},"8":{"start":{"line":18,"column":8},"end":{"line":18,"column":14}},"9":{"start":{"line":23,"column":61},"end":{"line":23,"column":70}},"10":{"start":{"line":25,"column":6},"end":{"line":25,"column":16}},"11":{"start":{"line":27,"column":34},"end":{"line":27,"column":70}},"12":{"start":{"line":29,"column":4},"end":{"line":29,"column":57}},"13":{"start":{"line":29,"column":17},"end":{"line":29,"column":57}},"14":{"start":{"line":30,"column":4},"end":{"line":30,"column":67}},"15":{"start":{"line":30,"column":27},"end":{"line":30,"column":67}},"16":{"start":{"line":31,"column":4},"end":{"line":31,"column":51}},"17":{"start":{"line":31,"column":15},"end":{"line":31,"column":51}},"18":{"start":{"line":32,"column":4},"end":{"line":32,"column":48}},"19":{"start":{"line":32,"column":14},"end":{"line":32,"column":48}},"20":{"start":{"line":33,"column":4},"end":{"line":33,"column":66}},"21":{"start":{"line":33,"column":20},"end":{"line":33,"column":66}},"22":{"start":{"line":34,"column":4},"end":{"line":34,"column":76}},"23":{"start":{"line":34,"column":23},"end":{"line":34,"column":76}},"24":{"start":{"line":35,"column":4},"end":{"line":36,"column":71}},"25":{"start":{"line":36,"column":6},"end":{"line":36,"column":71}},"26":{"start":{"line":37,"column":4},"end":{"line":37,"column":73}},"27":{"start":{"line":37,"column":14},"end":{"line":37,"column":73}},"28":{"start":{"line":39,"column":4},"end":{"line":39,"column":34}},"29":{"start":{"line":43,"column":4},"end":{"line":43,"column":27}},"30":{"start":{"line":44,"column":4},"end":{"line":44,"column":22}},"31":{"start":{"line":48,"column":4},"end":{"line":48,"column":30}},"32":{"start":{"line":49,"column":4},"end":{"line":49,"column":22}},"33":{"start":{"line":53,"column":4},"end":{"line":53,"column":28}},"34":{"start":{"line":54,"column":4},"end":{"line":54,"column":22}},"35":{"start":{"line":58,"column":13},"end":{"line":58,"column":35}}},"fnMap":{"0":{"name":"(anonymous_0)","decl":{"start":{"line":4,"column":10},"end":{"line":4,"column":13}},"loc":{"start":{"line":4,"column":32},"end":{"line":20,"column":3}}},"1":{"name":"(anonymous_1)","decl":{"start":{"line":22,"column":10},"end":{"line":22,"column":26}},"loc":{"start":{"line":22,"column":66},"end":{"line":40,"column":3}}},"2":{"name":"(anonymous_2)","decl":{"start":{"line":42,"column":9},"end":{"line":42,"column":13}},"loc":{"start":{"line":42,"column":32},"end":{"line":45,"column":3}}},"3":{"name":"(anonymous_3)","decl":{"start":{"line":47,"column":9},"end":{"line":47,"column":13}},"loc":{"start":{"line":47,"column":32},"end":{"line":50,"column":3}}},"4":{"name":"(anonymous_4)","decl":{"start":{"line":52,"column":9},"end":{"line":52,"column":14}},"loc":{"start":{"line":52,"column":33},"end":{"line":55,"column":3}}}},"branchMap":{"0":{"loc":{"start":{"line":8,"column":4},"end":{"line":19,"column":null}},"type":"switch","locations":[{"start":{"line":9,"column":6},"end":{"line":11,"column":14}},{"start":{"line":12,"column":6},"end":{"line":14,"column":14}},{"start":{"line":15,"column":6},"end":{"line":15,"column":18}},{"start":{"line":16,"column":6},"end":{"line":18,"column":14}}]},"1":{"loc":{"start":{"line":23,"column":12},"end":{"line":23,"column":28}},"type":"default-arg","locations":[{"start":{"line":23,"column":19},"end":{"line":23,"column":28}}]},"2":{"loc":{"start":{"line":29,"column":4},"end":{"line":29,"column":57}},"type":"if","locations":[{"start":{"line":29,"column":4},"end":{"line":29,"column":57}}]},"3":{"loc":{"start":{"line":30,"column":4},"end":{"line":30,"column":67}},"type":"if","locations":[{"start":{"line":30,"column":4},"end":{"line":30,"column":67}}]},"4":{"loc":{"start":{"line":30,"column":8},"end":{"line":30,"column":25}},"type":"binary-expr","locations":[{"start":{"line":30,"column":8},"end":{"line":30,"column":15}},{"start":{"line":30,"column":19},"end":{"line":30,"column":25}}]},"5":{"loc":{"start":{"line":31,"column":4},"end":{"line":31,"column":51}},"type":"if","locations":[{"start":{"line":31,"column":4},"end":{"line":31,"column":51}}]},"6":{"loc":{"start":{"line":32,"column":4},"end":{"line":32,"column":48}},"type":"if","locations":[{"start":{"line":32,"column":4},"end":{"line":32,"column":48}}]},"7":{"loc":{"start":{"line":33,"column":4},"end":{"line":33,"column":66}},"type":"if","locations":[{"start":{"line":33,"column":4},"end":{"line":33,"column":66}}]},"8":{"loc":{"start":{"line":34,"column":4},"end":{"line":34,"column":76}},"type":"if","locations":[{"start":{"line":34,"column":4},"end":{"line":34,"column":76}}]},"9":{"loc":{"start":{"line":35,"column":4},"end":{"line":36,"column":71}},"type":"if","locations":[{"start":{"line":35,"column":4},"end":{"line":36,"column":71}}]},"10":{"loc":{"start":{"line":35,"column":8},"end":{"line":35,"column":37}},"type":"binary-expr","locations":[{"start":{"line":35,"column":8},"end":{"line":35,"column":15}},{"start":{"line":35,"column":19},"end":{"line":35,"column":37}}]},"11":{"loc":{"start":{"line":37,"column":4},"end":{"line":37,"column":73}},"type":"if","locations":[{"start":{"line":37,"column":4},"end":{"line":37,"column":73}}]}},"s":{"0":7,"1":7,"2":7,"3":6,"4":6,"5":0,"6":0,"7":1,"8":1,"9":7,"10":7,"11":7,"12":7,"13":5,"14":7,"15":2,"16":7,"17":5,"18":7,"19":0,"20":7,"21":0,"22":7,"23":0,"24":7,"25":0,"26":7,"27":0,"28":7,"29":1,"30":1,"31":0,"32":0,"33":6,"34":6,"35":1},"f":{"0":7,"1":7,"2":1,"3":0,"4":6},"b":{"0":[6,0,1,1],"1":[0],"2":[5],"3":[2],"4":[7,7],"5":[5],"6":[0],"7":[0],"8":[0],"9":[0],"10":[7,0],"11":[0]}}
,"/Users/zwolfson/coding/CRM-Object-Sync/src/utils/shutdown.ts": {"path":"/Users/zwolfson/coding/CRM-Object-Sync/src/utils/shutdown.ts","statementMap":{"0":{"start":{"line":1,"column":0},"end":{"line":1,"column":55}},"1":{"start":{"line":2,"column":0},"end":{"line":2,"column":32}},"2":{"start":{"line":5,"column":2},"end":{"line":50,"column":null}},"3":{"start":{"line":6,"column":4},"end":{"line":6,"column":51}},"4":{"start":{"line":8,"column":31},"end":{"line":30,"column":6}},"5":{"start":{"line":9,"column":6},"end":{"line":13,"column":null}},"6":{"start":{"line":10,"column":8},"end":{"line":10,"column":52}},"7":{"start":{"line":11,"column":8},"end":{"line":11,"column":18}},"8":{"start":{"line":12,"column":8},"end":{"line":12,"column":15}},"9":{"start":{"line":15,"column":6},"end":{"line":23,"column":9}},"10":{"start":{"line":16,"column":8},"end":{"line":16,"column":53}},"11":{"start":{"line":17,"column":8},"end":{"line":22,"column":null}},"12":{"start":{"line":18,"column":10},"end":{"line":18,"column":58}},"13":{"start":{"line":19,"column":10},"end":{"line":19,"column":22}},"14":{"start":{"line":21,"column":10},"end":{"line":21,"column":20}},"15":{"start":{"line":26,"column":6},"end":{"line":29,"column":15}},"16":{"start":{"line":27,"column":8},"end":{"line":27,"column":63}},"17":{"start":{"line":28,"column":8},"end":{"line":28,"column":18}},"18":{"start":{"line":32,"column":4},"end":{"line":43,"column":7}},"19":{"start":{"line":35,"column":10},"end":{"line":35,"column":58}},"20":{"start":{"line":38,"column":10},"end":{"line":38,"column":59}},"21":{"start":{"line":41,"column":8},"end":{"line":41,"column":64}},"22":{"start":{"line":45,"column":4},"end":{"line":45,"column":47}},"23":{"start":{"line":46,"column":4},"end":{"line":46,"column":20}},"24":{"start":{"line":48,"column":4},"end":{"line":48,"column":49}},"25":{"start":{"line":49,"column":4},"end":{"line":49,"column":20}},"26":{"start":{"line":53,"column":0},"end":{"line":53,"column":24}}},"fnMap":{"0":{"name":"shutdown","decl":{"start":{"line":4,"column":15},"end":{"line":4,"column":23}},"loc":{"start":{"line":4,"column":23},"end":{"line":51,"column":1}}},"1":{"name":"(anonymous_2)","decl":{"start":{"line":8,"column":49},"end":{"line":8,"column":50}},"loc":{"start":{"line":8,"column":69},"end":{"line":30,"column":5}}},"2":{"name":"(anonymous_3)","decl":{"start":{"line":15,"column":19},"end":{"line":15,"column":20}},"loc":{"start":{"line":15,"column":27},"end":{"line":23,"column":7}}},"3":{"name":"(anonymous_4)","decl":{"start":{"line":26,"column":17},"end":{"line":26,"column":20}},"loc":{"start":{"line":26,"column":22},"end":{"line":29,"column":7}}},"4":{"name":"(anonymous_5)","decl":{"start":{"line":34,"column":14},"end":{"line":34,"column":17}},"loc":{"start":{"line":34,"column":19},"end":{"line":36,"column":9}}},"5":{"name":"(anonymous_6)","decl":{"start":{"line":37,"column":15},"end":{"line":37,"column":16}},"loc":{"start":{"line":37,"column":23},"end":{"line":39,"column":9}}},"6":{"name":"(anonymous_7)","decl":{"start":{"line":40,"column":31},"end":{"line":40,"column":32}},"loc":{"start":{"line":41,"column":8},"end":{"line":41,"column":64}}}},"branchMap":{"0":{"loc":{"start":{"line":9,"column":6},"end":{"line":13,"column":null}},"type":"if","locations":[{"start":{"line":9,"column":6},"end":{"line":13,"column":null}}]},"1":{"loc":{"start":{"line":17,"column":8},"end":{"line":22,"column":null}},"type":"if","locations":[{"start":{"line":17,"column":8},"end":{"line":22,"column":null}},{"start":{"line":20,"column":15},"end":{"line":22,"column":null}}]}},"s":{"0":1,"1":1,"2":0,"3":0,"4":0,"5":0,"6":0,"7":0,"8":0,"9":0,"10":0,"11":0,"12":0,"13":0,"14":0,"15":0,"16":0,"17":0,"18":0,"19":0,"20":0,"21":0,"22":0,"23":0,"24":0,"25":0,"26":1},"f":{"0":0,"1":0,"2":0,"3":0,"4":0,"5":0,"6":0},"b":{"0":[0],"1":[0,0]}}
,"/Users/zwolfson/coding/CRM-Object-Sync/src/utils/utils.ts": {"path":"/Users/zwolfson/coding/CRM-Object-Sync/src/utils/utils.ts","statementMap":{"0":{"start":{"line":1,"column":13},"end":{"line":1,"column":17}},"1":{"start":{"line":4,"column":9},"end":{"line":4,"column":13}},"2":{"start":{"line":2,"column":22},"end":{"line":2,"column":31}},"3":{"start":{"line":2,"column":28},"end":{"line":2,"column":31}},"4":{"start":{"line":4,"column":15},"end":{"line":4,"column":28}}},"fnMap":{"0":{"name":"(anonymous_0)","decl":{"start":{"line":2,"column":22},"end":{"line":2,"column":25}},"loc":{"start":{"line":2,"column":28},"end":{"line":2,"column":31}}}},"branchMap":{},"s":{"0":1,"1":1,"2":1,"3":0,"4":1},"f":{"0":0},"b":{}}
}
