TN:
SF:prisma/disconnect.ts
FN:3,disconnectPrisma
FNF:1
FNH:0
FNDA:0,disconnectPrisma
DA:1,1
DA:4,0
DA:5,0
DA:6,0
DA:7,0
DA:9,0
DA:10,0
DA:14,1
LF:8
LH:2
BRF:0
BRH:0
end_of_record
TN:
SF:prisma/seed.ts
FN:9,(anonymous_0)
FN:18,main
FN:29,(anonymous_2)
FN:33,(anonymous_3)
FNF:4
FNH:1
FNDA:1000,(anonymous_0)
FNDA:0,main
FNDA:0,(anonymous_2)
FNDA:0,(anonymous_3)
DA:1,1
DA:2,1
DA:5,1
DA:8,1
DA:9,1000
DA:19,0
DA:20,0
DA:27,1
DA:28,0
DA:30,0
DA:31,0
DA:34,0
DA:38,1
DA:39,1
LF:14
LH:8
BRDA:27,0,0,0
BRF:1
BRH:0
end_of_record
TN:
SF:src/app.ts
FN:16,(anonymous_1)
FN:28,(anonymous_2)
FN:34,(anonymous_3)
FN:46,(anonymous_4)
FN:58,(anonymous_5)
FN:91,(anonymous_6)
FN:105,startServer
FN:107,(anonymous_8)
FNF:8
FNH:6
FNDA:3,(anonymous_1)
FNDA:1,(anonymous_2)
FNDA:2,(anonymous_3)
FNDA:2,(anonymous_4)
FNDA:3,(anonymous_5)
FNDA:2,(anonymous_6)
FNDA:0,startServer
FNDA:0,(anonymous_8)
DA:1,1
DA:2,1
DA:3,1
DA:4,1
DA:5,1
DA:6,1
DA:7,1
DA:8,1
DA:9,1
DA:12,1
DA:13,1
DA:14,1
DA:16,1
DA:17,3
DA:18,3
DA:19,2
DA:21,1
DA:22,1
DA:28,1
DA:29,1
DA:34,1
DA:35,2
DA:36,2
DA:37,1
DA:39,1
DA:40,1
DA:46,1
DA:47,2
DA:48,2
DA:49,1
DA:51,1
DA:52,1
DA:58,1
DA:59,3
DA:61,3
DA:62,2
DA:63,2
DA:64,1
DA:65,1
DA:71,1
DA:73,1
DA:74,1
DA:79,1
DA:85,1
DA:91,1
DA:92,2
DA:93,2
DA:94,1
DA:96,1
DA:97,1
DA:103,1
DA:106,0
DA:107,0
DA:108,0
DA:109,0
DA:110,0
DA:112,0
DA:115,0
DA:119,1
DA:120,0
DA:123,1
LF:61
LH:53
BRDA:61,0,0,2
BRDA:61,0,1,1
BRDA:75,1,0,1
BRDA:75,1,1,0
BRDA:106,2,0,0
BRDA:108,3,0,0
BRDA:119,4,0,0
BRF:7
BRH:3
end_of_record
TN:
SF:src/initialSyncFromHubSpot.ts
FN:58,(anonymous_0)
FN:101,(anonymous_1)
FN:164,(anonymous_2)
FNF:3
FNH:0
FNDA:0,(anonymous_0)
FNDA:0,(anonymous_1)
FNDA:0,(anonymous_2)
DA:1,1
DA:3,1
DA:6,1
DA:7,1
DA:8,1
DA:11,1
DA:17,1
DA:19,1
DA:22,1
DA:58,1
DA:61,0
DA:64,0
DA:79,0
DA:82,0
DA:89,0
DA:91,0
DA:96,0
DA:101,1
DA:105,0
DA:106,0
DA:114,0
DA:116,0
DA:117,0
DA:118,0
DA:119,0
DA:122,0
DA:131,0
DA:134,0
DA:141,0
DA:145,0
DA:152,0
DA:156,0
DA:160,0
DA:164,1
DA:165,0
DA:166,0
DA:167,0
DA:170,0
DA:195,0
DA:204,0
DA:206,0
DA:208,0
DA:209,0
DA:211,0
DA:214,0
DA:216,0
DA:217,0
DA:218,0
DA:220,0
DA:221,0
DA:222,0
DA:224,0
DA:225,0
DA:226,0
DA:228,0
DA:229,0
DA:230,0
DA:232,0
DA:233,0
DA:234,0
DA:238,0
DA:244,1
LF:62
LH:13
BRDA:61,0,0,0
BRDA:61,0,1,0
BRDA:117,1,0,0
BRDA:117,1,1,0
BRDA:118,2,0,0
BRDA:118,2,1,0
BRDA:208,3,0,0
BRDA:208,3,1,0
BRDA:214,4,0,0
BRDA:214,4,1,0
BRDA:214,4,2,0
BRDA:214,4,3,0
BRDA:214,4,4,0
BRF:13
BRH:0
end_of_record
TN:
SF:src/initialSyncToHubSpot.ts
FN:26,(anonymous_0)
FN:66,(anonymous_1)
FN:81,(anonymous_2)
FN:85,(anonymous_3)
FN:96,(anonymous_4)
FN:100,(anonymous_5)
FN:102,(anonymous_6)
FN:113,(anonymous_7)
FN:129,(anonymous_8)
FN:131,(anonymous_9)
FN:143,(anonymous_10)
FN:145,(anonymous_11)
FN:147,(anonymous_12)
FN:155,(anonymous_13)
FN:207,(anonymous_14)
FN:230,(anonymous_15)
FN:233,(anonymous_16)
FN:236,(anonymous_17)
FN:241,(anonymous_18)
FNF:19
FNH:0
FNDA:0,(anonymous_0)
FNDA:0,(anonymous_1)
FNDA:0,(anonymous_2)
FNDA:0,(anonymous_3)
FNDA:0,(anonymous_4)
FNDA:0,(anonymous_5)
FNDA:0,(anonymous_6)
FNDA:0,(anonymous_7)
FNDA:0,(anonymous_8)
FNDA:0,(anonymous_9)
FNDA:0,(anonymous_10)
FNDA:0,(anonymous_11)
FNDA:0,(anonymous_12)
FNDA:0,(anonymous_13)
FNDA:0,(anonymous_14)
FNDA:0,(anonymous_15)
FNDA:0,(anonymous_16)
FNDA:0,(anonymous_17)
FNDA:0,(anonymous_18)
DA:1,1
DA:3,1
DA:5,1
DA:6,1
DA:7,1
DA:16,1
DA:22,1
DA:24,1
DA:26,1
DA:27,0
DA:35,0
DA:37,0
DA:38,0
DA:39,0
DA:40,0
DA:47,0
DA:55,0
DA:61,0
DA:62,0
DA:63,0
DA:67,0
DA:68,0
DA:70,0
DA:72,0
DA:73,0
DA:78,0
DA:79,0
DA:82,0
DA:87,0
DA:88,0
DA:89,0
DA:90,0
DA:99,0
DA:100,0
DA:102,0
DA:103,0
DA:105,0
DA:114,0
DA:115,0
DA:117,0
DA:118,0
DA:121,0
DA:123,0
DA:124,0
DA:130,0
DA:132,0
DA:138,0
DA:139,0
DA:144,0
DA:145,0
DA:146,0
DA:147,0
DA:150,0
DA:152,0
DA:153,0
DA:155,0
DA:160,0
DA:161,0
DA:162,0
DA:166,0
DA:168,0
DA:172,0
DA:177,0
DA:180,0
DA:181,0
DA:184,0
DA:188,0
DA:189,0
DA:191,0
DA:194,0
DA:195,0
DA:197,0
DA:198,0
DA:199,0
DA:201,0
DA:208,0
DA:211,0
DA:212,0
DA:213,0
DA:214,0
DA:216,0
DA:225,0
DA:231,0
DA:234,0
DA:237,0
DA:241,1
DA:242,0
DA:243,0
DA:246,0
DA:250,0
DA:251,0
DA:252,0
DA:253,0
DA:255,0
DA:258,0
DA:259,0
DA:261,0
DA:263,0
DA:265,0
DA:267,0
DA:269,0
DA:271,0
DA:273,0
DA:275,0
DA:276,0
DA:277,0
DA:280,0
DA:281,0
DA:285,0
DA:287,0
DA:292,0
DA:296,0
DA:299,1
LF:113
LH:11
BRDA:72,0,0,0
BRDA:89,1,0,0
BRDA:123,2,0,0
BRDA:132,3,0,0
BRDA:132,3,1,0
BRDA:152,4,0,0
BRDA:162,5,0,0
BRDA:162,5,1,0
BRDA:184,6,0,0
BRDA:185,7,0,0
BRDA:185,7,1,0
BRDA:188,8,0,0
BRDA:188,8,1,0
BRDA:197,9,0,0
BRDA:198,10,0,0
BRDA:198,10,1,0
BRDA:208,11,0,0
BRDA:208,11,1,0
BRDA:213,12,0,0
BRDA:267,13,0,0
BRDA:267,13,1,0
BRDA:276,14,0,0
BRF:22
BRH:0
end_of_record
TN:
SF:src/utils/error.ts
FN:5,isHubSpotApiError
FN:29,isGeneralPrismaError
FN:36,formatError
FN:52,handleError
FNF:4
FNH:4
FNDA:5,isHubSpotApiError
FNDA:5,isGeneralPrismaError
FNDA:5,formatError
FNDA:5,handleError
DA:1,1
DA:2,1
DA:8,5
DA:14,5
DA:19,5
DA:30,5
DA:37,5
DA:38,5
DA:39,5
DA:40,0
DA:41,5
DA:42,0
DA:43,5
DA:44,5
DA:46,0
DA:49,5
DA:57,5
DA:58,5
DA:60,5
DA:63,1
LF:20
LH:17
BRDA:8,0,0,5
BRDA:8,0,1,0
BRDA:8,0,2,0
BRDA:14,1,0,5
BRDA:14,1,1,0
BRDA:14,1,2,0
BRDA:14,1,3,0
BRDA:20,2,0,5
BRDA:20,2,1,5
BRDA:20,2,2,5
BRDA:23,3,0,5
BRDA:23,3,1,5
BRDA:31,4,0,5
BRDA:31,4,1,5
BRDA:36,5,0,0
BRDA:38,6,0,5
BRDA:39,7,0,0
BRDA:39,7,1,5
BRDA:41,8,0,0
BRDA:41,8,1,5
BRDA:43,9,0,5
BRDA:43,9,1,0
BRDA:54,10,0,0
BRDA:55,11,0,5
BRDA:60,12,0,0
BRF:25
BRH:14
end_of_record
TN:
SF:src/utils/logger.ts
FN:4,(anonymous_0)
FN:22,(anonymous_1)
FN:42,(anonymous_2)
FN:47,(anonymous_3)
FN:52,(anonymous_4)
FNF:5
FNH:4
FNDA:7,(anonymous_0)
FNDA:7,(anonymous_1)
FNDA:1,(anonymous_2)
FNDA:0,(anonymous_3)
FNDA:6,(anonymous_4)
DA:5,7
DA:6,7
DA:8,7
DA:10,6
DA:11,6
DA:13,0
DA:14,0
DA:17,1
DA:18,1
DA:23,7
DA:25,7
DA:27,7
DA:29,7
DA:30,7
DA:31,7
DA:32,7
DA:33,7
DA:34,7
DA:35,7
DA:36,0
DA:37,7
DA:39,7
DA:43,1
DA:44,1
DA:48,0
DA:49,0
DA:53,6
DA:54,6
DA:58,1
LF:29
LH:24
BRDA:8,0,0,6
BRDA:8,0,1,0
BRDA:8,0,2,1
BRDA:8,0,3,1
BRDA:23,1,0,0
BRDA:29,2,0,5
BRDA:30,3,0,2
BRDA:30,4,0,7
BRDA:30,4,1,7
BRDA:31,5,0,5
BRDA:32,6,0,0
BRDA:33,7,0,0
BRDA:34,8,0,0
BRDA:35,9,0,0
BRDA:35,10,0,7
BRDA:35,10,1,0
BRDA:37,11,0,0
BRF:17
BRH:9
end_of_record
TN:
SF:src/utils/shutdown.ts
FN:4,shutdown
FN:8,(anonymous_2)
FN:15,(anonymous_3)
FN:26,(anonymous_4)
FN:34,(anonymous_5)
FN:37,(anonymous_6)
FN:40,(anonymous_7)
FNF:7
FNH:0
FNDA:0,shutdown
FNDA:0,(anonymous_2)
FNDA:0,(anonymous_3)
FNDA:0,(anonymous_4)
FNDA:0,(anonymous_5)
FNDA:0,(anonymous_6)
FNDA:0,(anonymous_7)
DA:1,1
DA:2,1
DA:5,0
DA:6,0
DA:8,0
DA:9,0
DA:10,0
DA:11,0
DA:12,0
DA:15,0
DA:16,0
DA:17,0
DA:18,0
DA:19,0
DA:21,0
DA:26,0
DA:27,0
DA:28,0
DA:32,0
DA:35,0
DA:38,0
DA:41,0
DA:45,0
DA:46,0
DA:48,0
DA:49,0
DA:53,1
LF:27
LH:3
BRDA:9,0,0,0
BRDA:17,1,0,0
BRDA:17,1,1,0
BRF:3
BRH:0
end_of_record
TN:
SF:src/utils/utils.ts
FN:2,(anonymous_0)
FNF:1
FNH:0
FNDA:0,(anonymous_0)
DA:1,1
DA:2,1
DA:4,1
LF:3
LH:3
BRF:0
BRH:0
end_of_record
